
2019-04-04 15:01:55.084848
model id: 122091586217
DecisionTreeClassifier(class_weight='balanced', criterion='gini',
            max_depth=None, max_features=None, max_leaf_nodes=None,
            min_impurity_decrease=0.0, min_impurity_split=None,
            min_samples_leaf=1024, min_samples_split=2,
            min_weight_fraction_leaf=0.0, presort=False, random_state=666,
            splitter='best')
logloss: 0.10369253301924812
auc: 0.9937007349423663

2019-04-04 15:03:35.831571
model id: 144884642473
DecisionTreeClassifier(class_weight='balanced', criterion='gini',
            max_depth=None, max_features=None, max_leaf_nodes=None,
            min_impurity_decrease=0.0, min_impurity_split=None,
            min_samples_leaf=512, min_samples_split=2,
            min_weight_fraction_leaf=0.0, presort=False, random_state=666,
            splitter='best')
logloss: 0.09974160289082078
auc: 0.9940513098312757

2019-04-04 15:06:12.400600
model id: 166300160681
DecisionTreeClassifier(class_weight='balanced', criterion='gini',
            max_depth=None, max_features=None, max_leaf_nodes=None,
            min_impurity_decrease=0.0, min_impurity_split=None,
            min_samples_leaf=256, min_samples_split=2,
            min_weight_fraction_leaf=0.0, presort=False, random_state=666,
            splitter='best')
logloss: 0.09977786757756078
auc: 0.9940057058787619

2019-04-04 15:07:44.282409
model id: 143832191657
DecisionTreeClassifier(class_weight='balanced', criterion='gini',
            max_depth=None, max_features=None, max_leaf_nodes=None,
            min_impurity_decrease=0.0, min_impurity_split=None,
            min_samples_leaf=128, min_samples_split=2,
            min_weight_fraction_leaf=0.0, presort=False, random_state=666,
            splitter='best')
logloss: 0.10640506748678431
auc: 0.993404736589501

2019-04-04 15:09:53.920254
model id: 150079861715
DecisionTreeClassifier(class_weight='balanced', criterion='gini',
            max_depth=None, max_features=None, max_leaf_nodes=None,
            min_impurity_decrease=0.0, min_impurity_split=None,
            min_samples_leaf=384, min_samples_split=2,
            min_weight_fraction_leaf=0.0, presort=False, random_state=666,
            splitter='best')
logloss: 0.09876351804795386
auc: 0.9941891665264497

2019-04-04 15:11:52.739121
model id: 132427580073
DecisionTreeClassifier(class_weight='balanced', criterion='gini',
            max_depth=None, max_features=None, max_leaf_nodes=None,
            min_impurity_decrease=0.0, min_impurity_split=None,
            min_samples_leaf=448, min_samples_split=2,
            min_weight_fraction_leaf=0.0, presort=False, random_state=666,
            splitter='best')
logloss: 0.09836011318816447
auc: 0.9941706237969111

2019-04-04 15:13:58.063187
model id: 9223371924663534760
DecisionTreeClassifier(class_weight='balanced', criterion='gini',
            max_depth=None, max_features=None, max_leaf_nodes=None,
            min_impurity_decrease=0.0, min_impurity_split=None,
            min_samples_leaf=320, min_samples_split=2,
            min_weight_fraction_leaf=0.0, presort=False, random_state=666,
            splitter='best')
logloss: 0.0989130365292311
auc: 0.9941217281694565

2019-04-04 15:16:48.046021
model id: 80231273129
DecisionTreeClassifier(class_weight='balanced', criterion='gini',
            max_depth=None, max_features=None, max_leaf_nodes=None,
            min_impurity_decrease=0.0, min_impurity_split=None,
            min_samples_leaf=768, min_samples_split=2,
            min_weight_fraction_leaf=0.0, presort=False, random_state=666,
            splitter='best')
logloss: 0.10076682843549782
auc: 0.9940195822288042

2019-04-04 15:20:47.128980
model id: 164737397417
DecisionTreeClassifier(class_weight='balanced', criterion='gini',
            max_depth=None, max_features=None, max_leaf_nodes=None,
            min_impurity_decrease=0.0, min_impurity_split=None,
            min_samples_leaf=352, min_samples_split=2,
            min_weight_fraction_leaf=0.0, presort=False, random_state=666,
            splitter='best')
logloss: 0.09886709234818247
auc: 0.9941126447535097

2019-04-04 15:22:33.791544
model id: 191095362217
DecisionTreeClassifier(class_weight='balanced', criterion='gini',
            max_depth=None, max_features=None, max_leaf_nodes=None,
            min_impurity_decrease=0.0, min_impurity_split=None,
            min_samples_leaf=416, min_samples_split=2,
            min_weight_fraction_leaf=0.0, presort=False, random_state=666,
            splitter='best')
logloss: 0.09856827898863753
auc: 0.9941466771202638

2019-04-04 15:24:04.778816
model id: 132908044969
DecisionTreeClassifier(class_weight='balanced', criterion='gini',
            max_depth=None, max_features=None, max_leaf_nodes=None,
            min_impurity_decrease=0.0, min_impurity_split=None,
            min_samples_leaf=368, min_samples_split=2,
            min_weight_fraction_leaf=0.0, presort=False, random_state=666,
            splitter='best')
logloss: 0.09847734212489595
auc: 0.9941739369329299

2019-04-04 15:25:17.746835
model id: 193412907689
DecisionTreeClassifier(class_weight='balanced', criterion='gini',
            max_depth=None, max_features=None, max_leaf_nodes=None,
            min_impurity_decrease=0.0, min_impurity_split=None,
            min_samples_leaf=400, min_samples_split=2,
            min_weight_fraction_leaf=0.0, presort=False, random_state=666,
            splitter='best')
logloss: 0.0991703759009912
auc: 0.9941296498177771

2019-04-07 16:21:15.061353
model id: 194861576873
DecisionTreeClassifier(class_weight='balanced', criterion='gini',
            max_depth=None, max_features=None, max_leaf_nodes=None,
            min_impurity_decrease=0.0, min_impurity_split=None,
            min_samples_leaf=4096, min_samples_split=2,
            min_weight_fraction_leaf=0.0, presort=False, random_state=666,
            splitter='best')
logloss: 0.12389633519979128
auc: 0.9911295516497876

2019-04-07 16:21:52.001911
model id: 159298298537
DecisionTreeClassifier(class_weight='balanced', criterion='gini',
            max_depth=None, max_features=None, max_leaf_nodes=None,
            min_impurity_decrease=0.0, min_impurity_split=None,
            min_samples_leaf=20000, min_samples_split=2,
            min_weight_fraction_leaf=0.0, presort=False, random_state=666,
            splitter='best')
logloss: 0.16994732998733822
auc: 0.9831575262896928

2019-04-07 16:22:19.269515
model id: 9223371912272127200
DecisionTreeClassifier(class_weight='balanced', criterion='gini',
            max_depth=None, max_features=None, max_leaf_nodes=None,
            min_impurity_decrease=0.0, min_impurity_split=None,
            min_samples_leaf=50000, min_samples_split=2,
            min_weight_fraction_leaf=0.0, presort=False, random_state=666,
            splitter='best')
logloss: 0.22823905601649724
auc: 0.9701741689277741
